Grammar:	n-queens-count
Start graph:	start-5
Exploration:	dfs / none / infinite
Timestamp:	Sun Feb 02 22:01:19 CET 2014


Method call reporting: Sun Feb 02 22:01:20 CET 2014
===================================================

Reporting class groove.explore.Exploration
               playScenario() #top=  1 #nest=    0 tot(m)=826 avg(mu)=826000 

Reporting class groove.graph.iso.IsoChecker
                Equality test #top=464 #nest=    0 tot(m)=  0 avg(mu)=     0 
  Isomorphism by certificates #top=152 #nest=    0 tot(m)= 30 avg(mu)=   197 
    Isomorphism by simulation #top=  1 #nest=    0 tot(m)=  0 avg(mu)=     0 
   areIsomorphic(Graph,Graph) #top=153 #nest=    0 tot(m)= 30 avg(mu)=   196 
        computeCertificates() #top=803 #nest=    0 tot(m)= 15 avg(mu)=    18 
            getPartitionMap() #top=435 #nest=    0 tot(m)=  0 avg(mu)=     0 

Reporting class groove.lts.MatchApplier
                     addState #top=717 #nest=    0 tot(m)=138 avg(mu)=   192 
                addTransition #top=717 #nest=    0 tot(m)=170 avg(mu)=   237 

Reporting class groove.match.plan.PlanSearchStrategy
                Search.find() #top=993 #nest=18467 tot(m)=438 avg(mu)=    22 

Total measured time spent in
            class groove.explore.Exploration: 826 ms
           class groove.graph.iso.IsoChecker: 75 ms
               class groove.lts.MatchApplier: 308 ms
  class groove.match.plan.PlanSearchStrategy: 438 ms

Time spent collection information: 0 ms
===============================================================================

Graph count
    Modifiable:         108
    Frozen:             1
    Bytes/state:        527.9

Graph element count
    Factory nodes:      28
    Factory edges:      313
    Nodes/state (avg):   25.0
    Edges/state (avg):   52.0

Transition count
    Reused:             0
    Confluent:          0
    Events:             174
    Coanchor reuse:     0/0

Isomorphism statistics
    Predicted:          464   (-0)
       False pos 1:        0     ( 0.0%)
       False pos 2:        0     ( 0.0%)
    Equal graphs:       311
    Equal certificates: 152
    Equal simulation:   1
    Iterations:         [0, 0, 0, 701, 92, 10, 6, 15, 6, 6, 0, 15, 0, 6, 0, 3, 0, 0, 0, 3]
    Symmetry breaking:  0

Cache statistics
    Created:            897
    Cleared:            422
    Collected:          0
    Reconstructed:      0
    Distribution:       [897]

Time (ms):          764
    Matching:          438    (57.3%)
    Transforming:      218    (28.5%)
    Iso checking:       45    ( 5.9%)
        Certifying:         15    (33.3%)
        Equals check:        0    ( 0.0%)
        Cert check:         30    (66.7%)
        Sim check:           0    ( 0.0%)
    Building GTS:      125    (16.4%)
    Measuring:           0    ( 0.0%)
    Initialization:    -62    (-8.1%)

Space (kB):         -13

States:       254
Transitions:  717


No result states found