Grammar:	n-queens-count
Start graph:	start-6
Exploration:	dfs / none / infinite
Timestamp:	Sun Feb 02 22:01:12 CET 2014


Method call reporting: Sun Feb 02 22:01:14 CET 2014
===================================================

Reporting class groove.explore.Exploration
               playScenario() #top=   1 #nest=     0 tot(m)=2106 avg(mu)=2106000 

Reporting class groove.graph.iso.IsoChecker
                Equality test #top=3382 #nest=     0 tot(m)= 137 avg(mu)=     40 
  Isomorphism by certificates #top= 843 #nest=     0 tot(m)=  48 avg(mu)=     56 
    Isomorphism by simulation #top=   8 #nest=     0 tot(m)=  15 avg(mu)=   1875 
   areIsomorphic(Graph,Graph) #top= 851 #nest=     0 tot(m)=  79 avg(mu)=     92 
        computeCertificates() #top=5389 #nest=     0 tot(m)= 126 avg(mu)=     23 
            getPartitionMap() #top=2435 #nest=     0 tot(m)=  32 avg(mu)=     13 

Reporting class groove.lts.MatchApplier
                     addState #top=4810 #nest=     0 tot(m)= 592 avg(mu)=    123 
                addTransition #top=4810 #nest=     0 tot(m)= 702 avg(mu)=    145 

Reporting class groove.match.plan.PlanSearchStrategy
                Search.find() #top=6373 #nest=163782 tot(m)=1058 avg(mu)=      6 

Total measured time spent in
            class groove.explore.Exploration: 2106 ms
           class groove.graph.iso.IsoChecker: 437 ms
               class groove.lts.MatchApplier: 1294 ms
  class groove.match.plan.PlanSearchStrategy: 1058 ms

Time spent collection information: 0 ms
===============================================================================

Graph count
    Modifiable:         108
    Frozen:             1
    Bytes/state:        93.8

Graph element count
    Factory nodes:      39
    Factory edges:      476
    Nodes/state (avg):   36.0
    Edges/state (avg):   66.4

Transition count
    Reused:             0
    Confluent:          0
    Events:             261
    Coanchor reuse:     0/0

Isomorphism statistics
    Predicted:          3382  (-0)
       False pos 1:        0     ( 0.0%)
       False pos 2:        0     ( 0.0%)
    Equal graphs:       2531
    Equal certificates: 843
    Equal simulation:   8
    Iterations:         [0, 0, 0, 4232, 871, 198, 88, 47, 20, 26, 0, 47, 0, 20, 0, 26, 0, 0, 4, 0, 0, 4, 0, 4, 0, 0, 0, 4]
    Symmetry breaking:  0

Cache statistics
    Created:            5077
    Cleared:            1684
    Collected:          0
    Reconstructed:      0
    Distribution:       [5077]

Time (ms):          2043
    Matching:         1058    (51.8%)
    Transforming:      346    (16.9%)
    Iso checking:      237    (11.6%)
        Certifying:        158    (66.7%)
        Equals check:      137    (57.8%)
        Cert check:         48    (20.3%)
        Sim check:          15    ( 6.3%)
    Building GTS:      465    (22.8%)
    Measuring:           0    ( 0.0%)
    Initialization:    -63    (-3.1%)

Space (kB):         401

States:       1429
Transitions:  4810


No result states found