Grammar:	n-queens-count
Start graph:	start-8
Exploration:	dfs / none / infinite
Timestamp:	Sun Feb 02 21:58:57 CET 2014


Method call reporting: Sun Feb 02 22:00:17 CET 2014
===================================================

Reporting class groove.explore.Exploration
               playScenario() #top=     1 #nest=       0 tot(m)=79451 avg(mu)=79451000 

Reporting class groove.graph.iso.IsoChecker
                Equality test #top=227423 #nest=       0 tot(m)= 9988 avg(mu)=      43 
  Isomorphism by certificates #top= 40244 #nest=       0 tot(m)= 3929 avg(mu)=      97 
    Isomorphism by simulation #top=    45 #nest=       0 tot(m)=   61 avg(mu)=    1355 
   areIsomorphic(Graph,Graph) #top= 40289 #nest=       0 tot(m)= 5193 avg(mu)=     128 
        computeCertificates() #top=326933 #nest=       0 tot(m)= 9688 avg(mu)=      29 
            getPartitionMap() #top=119103 #nest=       0 tot(m)= 1817 avg(mu)=      15 

Reporting class groove.lts.MatchApplier
                     addState #top=289581 #nest=       0 tot(m)=27635 avg(mu)=      95 
                addTransition #top=289581 #nest=       0 tot(m)=28621 avg(mu)=      98 

Reporting class groove.match.plan.PlanSearchStrategy
                Search.find() #top=355583 #nest=10033047 tot(m)=45346 avg(mu)=       4 

Total measured time spent in
            class groove.explore.Exploration: 79451 ms
           class groove.graph.iso.IsoChecker: 30676 ms
               class groove.lts.MatchApplier: 56256 ms
  class groove.match.plan.PlanSearchStrategy: 45346 ms

Time spent collection information: 372 ms
===============================================================================

Graph count
    Modifiable:         108
    Frozen:             1
    Bytes/state:        30.5

Graph element count
    Factory nodes:      68
    Factory edges:      904
    Nodes/state (avg):   64.0
    Edges/state (avg):   91.2

Transition count
    Reused:             0
    Confluent:          0
    Events:             490
    Coanchor reuse:     0/0

Isomorphism statistics
    Predicted:          227423(-0)
       False pos 1:        0     ( 0.0%)
       False pos 2:        0     ( 0.0%)
    Equal graphs:       187134
    Equal certificates: 40244
    Equal simulation:   45
    Iterations:         [0, 0, 0, 113719, 184861, 23078, 3496, 1281, 710, 221, 98, 93, 13, 212, 63, 158, 33, 65, 20, 73, 13]
    Symmetry breaking:  0

Cache statistics
    Created:            290076
    Cleared:            62643
    Collected:          0
    Reconstructed:      0
    Distribution:       [290076]

Time (ms):          79389
    Matching:        45346    (57.1%)
    Transforming:     5112    ( 6.4%)
    Iso checking:    16698    (21.0%)
        Certifying:      11505    (68.9%)
        Equals check:     9988    (59.8%)
        Cert check:       3929    (23.5%)
        Sim check:          61    ( 0.4%)
    Building GTS:    11923    (15.0%)
    Measuring:         372    ( 0.5%)
    Initialization:    -62    (-0.1%)

Space (kB):         15305

States:       62159
Transitions:  289581


No result states found