Grammar:	n-queens-count
Start graph:	start-2
Exploration:	dfs / none / infinite
Timestamp:	Sun Feb 02 22:01:34 CET 2014


Method call reporting: Sun Feb 02 22:01:34 CET 2014
===================================================

Reporting class groove.explore.Exploration
               playScenario() #top= 1 #nest= 0 tot(m)=140 avg(mu)=140000 

Reporting class groove.graph.iso.IsoChecker
                Equality test #top= 3 #nest= 0 tot(m)=  0 avg(mu)=     0 
  Isomorphism by certificates #top= 2 #nest= 0 tot(m)=  0 avg(mu)=     0 
    Isomorphism by simulation #top= 1 #nest= 0 tot(m)=  0 avg(mu)=     0 
   areIsomorphic(Graph,Graph) #top= 3 #nest= 0 tot(m)=  0 avg(mu)=     0 
        computeCertificates() #top= 8 #nest= 0 tot(m)=  0 avg(mu)=     0 
            getPartitionMap() #top= 9 #nest= 0 tot(m)=  0 avg(mu)=     0 

Reporting class groove.lts.MatchApplier
                     addState #top= 7 #nest= 0 tot(m)= 15 avg(mu)=  2142 
                addTransition #top= 7 #nest= 0 tot(m)= 15 avg(mu)=  2142 

Reporting class groove.match.plan.PlanSearchStrategy
                Search.find() #top=13 #nest=94 tot(m)= 16 avg(mu)=   149 

Total measured time spent in
            class groove.explore.Exploration: 140 ms
           class groove.graph.iso.IsoChecker: 0 ms
               class groove.lts.MatchApplier: 30 ms
  class groove.match.plan.PlanSearchStrategy: 16 ms

Time spent collection information: 0 ms
===============================================================================

Graph count
    Modifiable:         108
    Frozen:             1
    Bytes/state:        26816.0

Graph element count
    Factory nodes:      5
    Factory edges:      28
    Nodes/state (avg):    4.0
    Edges/state (avg):    9.1

Transition count
    Reused:             0
    Confluent:          0
    Events:             19
    Coanchor reuse:     0/0

Isomorphism statistics
    Predicted:          3     (-0)
       False pos 1:        0     ( 0.0%)
       False pos 2:        0     ( 0.0%)
    Equal graphs:       0
    Equal certificates: 2
    Equal simulation:   1
    Iterations:         [0, 0, 0, 8, 0, 4, 0, 4]
    Symmetry breaking:  0

Cache statistics
    Created:            34
    Cleared:            19
    Collected:          0
    Reconstructed:      0
    Distribution:       [34]

Time (ms):          78
    Matching:           16    (20.5%)
    Transforming:      109    (139.7%)
    Iso checking:        0    ( 0.0%)
        Certifying:          0    ( NaN%)
        Equals check:        0    ( NaN%)
        Cert check:          0    ( NaN%)
        Sim check:           0    ( NaN%)
    Building GTS:       15    (19.2%)
    Measuring:           0    ( 0.0%)
    Initialization:    -62    (-79.5%)

Space (kB):         -431

States:       5
Transitions:  7


No result states found