Grammar:	n-queens-count
Start graph:	start-9
Exploration:	dfs / none / infinite
Timestamp:	Sun Feb 02 21:45:45 CET 2014


Method call reporting: Sun Feb 02 21:58:40 CET 2014
===================================================

Reporting class groove.explore.Exploration
               playScenario() #top=      1 #nest=       0 tot(m)=773480 avg(mu)=773480000 

Reporting class groove.graph.iso.IsoChecker
                Equality test #top=2057426 #nest=       0 tot(m)=107749 avg(mu)=       52 
  Isomorphism by certificates #top= 269119 #nest=       0 tot(m)= 31265 avg(mu)=      116 
    Isomorphism by simulation #top=     57 #nest=       0 tot(m)=    93 avg(mu)=     1631 
   areIsomorphic(Graph,Graph) #top= 269347 #nest=       0 tot(m)= 41233 avg(mu)=      153 
        computeCertificates() #top=2793112 #nest=       0 tot(m)=107804 avg(mu)=       38 
            getPartitionMap() #top= 803194 #nest=       0 tot(m)= 11959 avg(mu)=       14 

Reporting class groove.lts.MatchApplier
                     addState #top=2529678 #nest=       0 tot(m)=272082 avg(mu)=      107 
                addTransition #top=2529678 #nest=       0 tot(m)=280338 avg(mu)=      110 

Reporting class groove.match.plan.PlanSearchStrategy
                Search.find() #top=3023729 #nest=81946976 tot(m)=451573 avg(mu)=        5 

Total measured time spent in
            class groove.explore.Exploration: 773480 ms
           class groove.graph.iso.IsoChecker: 300103 ms
               class groove.lts.MatchApplier: 552420 ms
  class groove.match.plan.PlanSearchStrategy: 451573 ms

Time spent collection information: 2559 ms
===============================================================================

Graph count
    Modifiable:         108
    Frozen:             1
    Bytes/state:        30.4

Graph element count
    Factory nodes:      86
    Factory edges:      1169
    Nodes/state (avg):   81.0
    Edges/state (avg):  102.6

Transition count
    Reused:             0
    Confluent:          0
    Events:             632
    Coanchor reuse:     0/0

Isomorphism statistics
    Predicted:          2057426(-171)
       False pos 1:        0     ( 0.0%)
       False pos 2:        0     ( 0.0%)
    Equal graphs:       1788079
    Equal certificates: 269119
    Equal simulation:   57
    Iterations:         [0, 0, 0, 197303, 2323312, 216036, 45481, 8105, 2439, 1119, 542, 298, 181, 308, 156, 305, 294, 256, 208, 82, 96, 93, 78, 0, 0, 0, 0, 8, 0, 0, 12, 4, 0, 0, 0, 8, 0, 0, 0, 12, 4]
    Symmetry breaking:  0

Cache statistics
    Created:            2682962
    Cleared:            625699
    Collected:          271174
    Reconstructed:      152648
    Distribution:       [2530314,152342,306]

Time (ms):          773699
    Matching:       451573    (58.4%)
    Transforming:    39010    ( 5.0%)
    Iso checking:   160996    (20.8%)
        Certifying:     119763    (74.4%)
        Equals check:   107749    (66.9%)
        Cert check:      31265    (19.4%)
        Sim check:          93    ( 0.1%)
    Building GTS:   119342    (15.4%)
    Measuring:        2559    ( 0.3%)
    Initialization:    219    ( 0.0%)

Space (kB):         123599

States:       472424
Transitions:  2529678


No result states found