Grammar:	n-queens-count
Start graph:	start-7
Exploration:	dfs / none / infinite
Timestamp:	Sun Feb 02 22:00:57 CET 2014


Method call reporting: Sun Feb 02 22:01:07 CET 2014
===================================================

Reporting class groove.explore.Exploration
               playScenario() #top=    1 #nest=      0 tot(m)=9719 avg(mu)=9719000 

Reporting class groove.graph.iso.IsoChecker
                Equality test #top=26832 #nest=      0 tot(m)= 891 avg(mu)=     33 
  Isomorphism by certificates #top= 5348 #nest=      0 tot(m)= 377 avg(mu)=     70 
    Isomorphism by simulation #top=    9 #nest=      0 tot(m)=  15 avg(mu)=   1666 
   areIsomorphic(Graph,Graph) #top= 5357 #nest=      0 tot(m)= 519 avg(mu)=     96 
        computeCertificates() #top=39697 #nest=      0 tot(m)=1024 avg(mu)=     25 
            getPartitionMap() #top=15595 #nest=      0 tot(m)= 141 avg(mu)=      9 

Reporting class groove.lts.MatchApplier
                     addState #top=35785 #nest=      0 tot(m)=2899 avg(mu)=     81 
                addTransition #top=35785 #nest=      0 tot(m)=3244 avg(mu)=     90 

Reporting class groove.match.plan.PlanSearchStrategy
                Search.find() #top=45441 #nest=1266803 tot(m)=5477 avg(mu)=      4 

Total measured time spent in
            class groove.explore.Exploration: 9719 ms
           class groove.graph.iso.IsoChecker: 2967 ms
               class groove.lts.MatchApplier: 6143 ms
  class groove.match.plan.PlanSearchStrategy: 5477 ms

Time spent collection information: 32 ms
===============================================================================

Graph count
    Modifiable:         108
    Frozen:             1
    Bytes/state:        28.2

Graph element count
    Factory nodes:      53
    Factory edges:      673
    Nodes/state (avg):   49.0
    Edges/state (avg):   79.1

Transition count
    Reused:             0
    Confluent:          0
    Events:             367
    Coanchor reuse:     0/0

Isomorphism statistics
    Predicted:          26832 (-0)
       False pos 1:        0     ( 0.0%)
       False pos 2:        0     ( 0.0%)
    Equal graphs:       21475
    Equal certificates: 5348
    Equal simulation:   9
    Iterations:         [0, 0, 0, 29481, 7676, 2074, 379, 167, 84, 43, 44, 80, 0, 84, 0, 43, 0, 44, 11, 0, 0, 0, 0, 11]
    Symmetry breaking:  0

Cache statistics
    Created:            36157
    Cleared:            9314
    Collected:          0
    Reconstructed:      0
    Distribution:       [36157]

Time (ms):          9656
    Matching:         5477    (56.7%)
    Transforming:      966    (10.0%)
    Iso checking:     1684    (17.4%)
        Certifying:       1165    (69.2%)
        Equals check:      891    (52.9%)
        Cert check:        377    (22.4%)
        Sim check:          15    ( 0.9%)
    Building GTS:     1560    (16.2%)
    Measuring:          32    ( 0.3%)
    Initialization:    -63    (-0.7%)

Space (kB):         2199

States:       8954
Transitions:  35785


No result states found