Grammar:	n-queens-count
Start graph:	start-10
Exploration:	dfs / none / infinite
Timestamp:	Sun Feb 02 13:57:36 CET 2014


Method call reporting: Sun Feb 02 16:19:57 CET 2014
===================================================

Reporting class groove.explore.Exploration
               playScenario() #top=       1 #nest=        0 tot(m)=8538035 avg(mu)=8538035000 

Reporting class groove.graph.iso.IsoChecker
                Equality test #top=19509827 #nest=        0 tot(m)=1323436 avg(mu)=        67 
  Isomorphism by certificates #top= 2190386 #nest=        0 tot(m)= 351938 avg(mu)=       160 
    Isomorphism by simulation #top=     188 #nest=        0 tot(m)=    252 avg(mu)=      1340 
   areIsomorphic(Graph,Graph) #top= 2200796 #nest=        0 tot(m)= 467776 avg(mu)=       212 
        computeCertificates() #top=25535357 #nest=        0 tot(m)=1224107 avg(mu)=        47 
            getPartitionMap() #top= 6546565 #nest=        0 tot(m)= 128600 avg(mu)=        19 

Reporting class groove.lts.MatchApplier
                     addState #top=23362184 #nest=        0 tot(m)=3242163 avg(mu)=       138 
                addTransition #top=23362184 #nest=        0 tot(m)=3314182 avg(mu)=       141 

Reporting class groove.match.plan.PlanSearchStrategy
                Search.find() #top=27366271 #nest=742388527 tot(m)=4862630 avg(mu)=         6 

Total measured time spent in
            class groove.explore.Exploration: 8538035 ms
           class groove.graph.iso.IsoChecker: 3496109 ms
               class groove.lts.MatchApplier: 6556345 ms
  class groove.match.plan.PlanSearchStrategy: 4862630 ms

Time spent collection information: 21718 ms
===============================================================================

Graph count
    Modifiable:         108
    Frozen:             1
    Bytes/state:        28.2

Graph element count
    Factory nodes:      106
    Factory edges:      1468
    Nodes/state (avg):  100.0
    Edges/state (avg):  -69.7

Transition count
    Reused:             0
    Confluent:          0
    Events:             792
    Coanchor reuse:     0/0

Isomorphism statistics
    Predicted:          19509827(-10222)
       False pos 1:        155   ( 0.0%)
       False pos 2:        0     ( 0.0%)
    Equal graphs:       17309031
    Equal certificates: 2190231
    Equal simulation:   188
    Iterations:         [0, 0, 0, 96317, 19075661, 5603592, 629115, 93996, 23423, 10119, 5433, 1364, 757, 576, 292, 496, 1310, 585, 1046, 291, 612, 132, 445, 130, 246, 5, 0, 4, 0, 0, 0, 4, 0, 4, 4, 4, 0, 0, 0, 0, 4, 0, 0, 4, 4]
    Symmetry breaking:  0

Cache statistics
    Created:            28081946
    Cleared:            8582466
    Collected:          8008267
    Reconstructed:      4718967
    Distribution:       [23362979,3360746,961512,204189,120630,47615,12495,5869,2933,1533,747,372,202,83,32,8,1]

Time (ms):          8538238
    Matching:      4862630    (57.0%)
    Transforming:   339505    ( 4.0%)
    Iso checking:  1820483    (21.3%)
        Certifying:    1352707    (74.3%)
        Equals check:  1323436    (72.7%)
        Cert check:     351938    (19.3%)
        Sim check:         252    ( 0.0%)
    Building GTS:  1493699    (17.5%)
    Measuring:       21718    ( 0.3%)
    Initialization:    203    ( 0.0%)

Space (kB):         1092364

States:       3862735
Transitions:  23362184


No result states found