Grammar:	n-queens-count
Start graph:	start-5
Exploration:	dfs / none / infinite
Timestamp:	Sun Feb 02 22:10:42 CET 2014


Method call reporting: Sun Feb 02 22:10:43 CET 2014
===================================================

Reporting class groove.explore.Exploration
               playScenario() #top=   1 #nest=    0 tot(m)=1014 avg(mu)=1014000 

Reporting class groove.graph.iso.IsoChecker
                Equality test #top=   0 #nest=    0 tot(m)=   0 avg(mu)=      0 
  Isomorphism by certificates #top=   0 #nest=    0 tot(m)=   0 avg(mu)=      0 
    Isomorphism by simulation #top=   0 #nest=    0 tot(m)=   0 avg(mu)=      0 
   areIsomorphic(Graph,Graph) #top=   0 #nest=    0 tot(m)=   0 avg(mu)=      0 
        computeCertificates() #top=   0 #nest=    0 tot(m)=   0 avg(mu)=      0 
            getPartitionMap() #top=   0 #nest=    0 tot(m)=   0 avg(mu)=      0 

Reporting class groove.lts.MatchApplier
                     addState #top=1411 #nest=    0 tot(m)= 204 avg(mu)=    144 
                addTransition #top=1411 #nest=    0 tot(m)= 267 avg(mu)=    189 

Reporting class groove.match.plan.PlanSearchStrategy
                Search.find() #top=1989 #nest=36279 tot(m)= 576 avg(mu)=     15 

Total measured time spent in
            class groove.explore.Exploration: 1014 ms
           class groove.graph.iso.IsoChecker: 0 ms
               class groove.lts.MatchApplier: 471 ms
  class groove.match.plan.PlanSearchStrategy: 576 ms

Time spent collection information: 0 ms
===============================================================================

Graph count
    Modifiable:         108
    Frozen:             1
    Bytes/state:        232.0

Graph element count
    Factory nodes:      28
    Factory edges:      313
    Nodes/state (avg):   25.0
    Edges/state (avg):   60.2

Transition count
    Reused:             0
    Confluent:          0
    Events:             174
    Coanchor reuse:     0/0

Isomorphism statistics
    Predicted:          0     (-0)
       False pos 1:        0     ( NaN%)
       False pos 2:        0     ( NaN%)
    Equal graphs:       0
    Equal certificates: 0
    Equal simulation:   0
    Iterations:         []
    Symmetry breaking:  0

Cache statistics
    Created:            1591
    Cleared:            747
    Collected:          0
    Reconstructed:      0
    Distribution:       [1591]

Time (ms):          951
    Matching:          576    (60.6%)
    Transforming:      171    (18.0%)
    Iso checking:        0    ( 0.0%)
        Certifying:          0    ( NaN%)
        Equals check:        0    ( NaN%)
        Cert check:          0    ( NaN%)
        Sim check:           0    ( NaN%)
    Building GTS:      267    (28.1%)
    Measuring:           0    ( 0.0%)
    Initialization:    -63    (-6.6%)

Space (kB):         -36

States:       578
Transitions:  1411


No result states found