Grammar:	n-queens-count
Start graph:	start-3
Exploration:	dfs / none / infinite
Timestamp:	Sun Feb 02 22:10:27 CET 2014


Method call reporting: Sun Feb 02 22:10:27 CET 2014
===================================================

Reporting class groove.explore.Exploration
               playScenario() #top= 1 #nest=   0 tot(m)=219 avg(mu)=219000 

Reporting class groove.graph.iso.IsoChecker
                Equality test #top= 0 #nest=   0 tot(m)=  0 avg(mu)=     0 
  Isomorphism by certificates #top= 0 #nest=   0 tot(m)=  0 avg(mu)=     0 
    Isomorphism by simulation #top= 0 #nest=   0 tot(m)=  0 avg(mu)=     0 
   areIsomorphic(Graph,Graph) #top= 0 #nest=   0 tot(m)=  0 avg(mu)=     0 
        computeCertificates() #top= 0 #nest=   0 tot(m)=  0 avg(mu)=     0 
            getPartitionMap() #top= 0 #nest=   0 tot(m)=  0 avg(mu)=     0 

Reporting class groove.lts.MatchApplier
                     addState #top=43 #nest=   0 tot(m)= 62 avg(mu)=  1441 
                addTransition #top=43 #nest=   0 tot(m)= 78 avg(mu)=  1813 

Reporting class groove.match.plan.PlanSearchStrategy
                Search.find() #top=79 #nest=1313 tot(m)= 32 avg(mu)=    22 

Total measured time spent in
            class groove.explore.Exploration: 219 ms
           class groove.graph.iso.IsoChecker: 0 ms
               class groove.lts.MatchApplier: 140 ms
  class groove.match.plan.PlanSearchStrategy: 32 ms

Time spent collection information: 0 ms
===============================================================================

Graph count
    Modifiable:         108
    Frozen:             1
    Bytes/state:        3724.4

Graph element count
    Factory nodes:      11
    Factory edges:      89
    Nodes/state (avg):    9.0
    Edges/state (avg):   34.9

Transition count
    Reused:             0
    Confluent:          0
    Events:             53
    Coanchor reuse:     0/0

Isomorphism statistics
    Predicted:          0     (-0)
       False pos 1:        0     ( NaN%)
       False pos 2:        0     ( NaN%)
    Equal graphs:       0
    Equal certificates: 0
    Equal simulation:   0
    Iterations:         []
    Symmetry breaking:  0

Cache statistics
    Created:            103
    Cleared:            85
    Collected:          0
    Reconstructed:      0
    Distribution:       [103]

Time (ms):          156
    Matching:           32    (20.5%)
    Transforming:      109    (69.9%)
    Iso checking:        0    ( 0.0%)
        Certifying:          0    ( NaN%)
        Equals check:        0    ( NaN%)
        Cert check:          0    ( NaN%)
        Sim check:           0    ( NaN%)
    Building GTS:       78    (50.0%)
    Measuring:           0    ( 0.0%)
    Initialization:    -63    (-40.4%)

Space (kB):         -375

States:       36
Transitions:  43


No result states found