Grammar:	n-queens-count
Start graph:	start-7
Exploration:	dfs / none / infinite
Timestamp:	Sun Feb 02 22:11:06 CET 2014


Method call reporting: Sun Feb 02 22:11:22 CET 2014
===================================================

Reporting class groove.explore.Exploration
               playScenario() #top=    1 #nest=      0 tot(m)=15398 avg(mu)=15398000 

Reporting class groove.graph.iso.IsoChecker
                Equality test #top=    0 #nest=      0 tot(m)=    0 avg(mu)=       0 
  Isomorphism by certificates #top=    0 #nest=      0 tot(m)=    0 avg(mu)=       0 
    Isomorphism by simulation #top=    0 #nest=      0 tot(m)=    0 avg(mu)=       0 
   areIsomorphic(Graph,Graph) #top=    0 #nest=      0 tot(m)=    0 avg(mu)=       0 
        computeCertificates() #top=    0 #nest=      0 tot(m)=    0 avg(mu)=       0 
            getPartitionMap() #top=    0 #nest=      0 tot(m)=    0 avg(mu)=       0 

Reporting class groove.lts.MatchApplier
                     addState #top=72427 #nest=      0 tot(m)= 3435 avg(mu)=      47 
                addTransition #top=72427 #nest=      0 tot(m)= 3746 avg(mu)=      51 

Reporting class groove.match.plan.PlanSearchStrategy
                Search.find() #top=93021 #nest=2539871 tot(m)= 9724 avg(mu)=       3 

Total measured time spent in
            class groove.explore.Exploration: 15398 ms
           class groove.graph.iso.IsoChecker: 0 ms
               class groove.lts.MatchApplier: 7181 ms
  class groove.match.plan.PlanSearchStrategy: 9724 ms

Time spent collection information: 60 ms
===============================================================================

Graph count
    Modifiable:         108
    Frozen:             1
    Bytes/state:        27.4

Graph element count
    Factory nodes:      53
    Factory edges:      673
    Nodes/state (avg):   49.0
    Edges/state (avg):   89.9

Transition count
    Reused:             0
    Confluent:          0
    Events:             367
    Coanchor reuse:     0/0

Isomorphism statistics
    Predicted:          0     (-0)
       False pos 1:        0     ( NaN%)
       False pos 2:        0     ( NaN%)
    Equal graphs:       0
    Equal certificates: 0
    Equal simulation:   0
    Iterations:         []
    Symmetry breaking:  0

Cache statistics
    Created:            72799
    Cleared:            20955
    Collected:          0
    Reconstructed:      0
    Distribution:       [72799]

Time (ms):          15335
    Matching:         9724    (63.4%)
    Transforming:     1868    (12.2%)
    Iso checking:        0    ( 0.0%)
        Certifying:          0    ( NaN%)
        Equals check:        0    ( NaN%)
        Cert check:          0    ( NaN%)
        Sim check:           0    ( NaN%)
    Building GTS:     3746    (24.4%)
    Measuring:          60    ( 0.4%)
    Initialization:    -63    (-0.4%)

Space (kB):         4188

States:       20594
Transitions:  72427


No result states found