Grammar:	n-queens-count
Start graph:	start-2
Exploration:	dfs / none / infinite
Timestamp:	Sun Feb 02 22:10:23 CET 2014


Method call reporting: Sun Feb 02 22:10:23 CET 2014
===================================================

Reporting class groove.explore.Exploration
               playScenario() #top= 1 #nest=  0 tot(m)=140 avg(mu)=140000 

Reporting class groove.graph.iso.IsoChecker
                Equality test #top= 0 #nest=  0 tot(m)=  0 avg(mu)=     0 
  Isomorphism by certificates #top= 0 #nest=  0 tot(m)=  0 avg(mu)=     0 
    Isomorphism by simulation #top= 0 #nest=  0 tot(m)=  0 avg(mu)=     0 
   areIsomorphic(Graph,Graph) #top= 0 #nest=  0 tot(m)=  0 avg(mu)=     0 
        computeCertificates() #top= 0 #nest=  0 tot(m)=  0 avg(mu)=     0 
            getPartitionMap() #top= 0 #nest=  0 tot(m)=  0 avg(mu)=     0 

Reporting class groove.lts.MatchApplier
                     addState #top=12 #nest=  0 tot(m)=  0 avg(mu)=     0 
                addTransition #top=12 #nest=  0 tot(m)=  0 avg(mu)=     0 

Reporting class groove.match.plan.PlanSearchStrategy
                Search.find() #top=25 #nest=192 tot(m)=  0 avg(mu)=     0 

Total measured time spent in
            class groove.explore.Exploration: 140 ms
           class groove.graph.iso.IsoChecker: 0 ms
               class groove.lts.MatchApplier: 0 ms
  class groove.match.plan.PlanSearchStrategy: 0 ms

Time spent collection information: 0 ms
===============================================================================

Graph count
    Modifiable:         108
    Frozen:             1
    Bytes/state:        10313.8

Graph element count
    Factory nodes:      5
    Factory edges:      28
    Nodes/state (avg):    4.0
    Edges/state (avg):   14.0

Transition count
    Reused:             0
    Confluent:          0
    Events:             19
    Coanchor reuse:     0/0

Isomorphism statistics
    Predicted:          0     (-0)
       False pos 1:        0     ( NaN%)
       False pos 2:        0     ( NaN%)
    Equal graphs:       0
    Equal certificates: 0
    Equal simulation:   0
    Iterations:         []
    Symmetry breaking:  0

Cache statistics
    Created:            39
    Cleared:            29
    Collected:          0
    Reconstructed:      0
    Distribution:       [39]

Time (ms):          78
    Matching:            0    ( 0.0%)
    Transforming:      140    (179.5%)
    Iso checking:        0    ( 0.0%)
        Certifying:          0    ( NaN%)
        Equals check:        0    ( NaN%)
        Cert check:          0    ( NaN%)
        Sim check:           0    ( NaN%)
    Building GTS:        0    ( 0.0%)
    Measuring:           0    ( 0.0%)
    Initialization:    -62    (-79.5%)

Space (kB):         -458

States:       13
Transitions:  12


No result states found