Grammar:	n-queens-count
Start graph:	start-9
Exploration:	dfs / none / infinite
Timestamp:	Sun Feb 02 22:13:56 CET 2014


Method call reporting: Sun Feb 02 22:34:38 CET 2014
===================================================

Reporting class groove.explore.Exploration
               playScenario() #top=      1 #nest=        0 tot(m)=1240842 avg(mu)=1240842000 

Reporting class groove.graph.iso.IsoChecker
                Equality test #top=      0 #nest=        0 tot(m)=      0 avg(mu)=         0 
  Isomorphism by certificates #top=      0 #nest=        0 tot(m)=      0 avg(mu)=         0 
    Isomorphism by simulation #top=      0 #nest=        0 tot(m)=      0 avg(mu)=         0 
   areIsomorphic(Graph,Graph) #top=      0 #nest=        0 tot(m)=      0 avg(mu)=         0 
        computeCertificates() #top=      0 #nest=        0 tot(m)=      0 avg(mu)=         0 
            getPartitionMap() #top=      0 #nest=        0 tot(m)=      0 avg(mu)=         0 

Reporting class groove.lts.MatchApplier
                     addState #top=5098357 #nest=        0 tot(m)= 280351 avg(mu)=        54 
                addTransition #top=5098357 #nest=        0 tot(m)= 293317 avg(mu)=        57 

Reporting class groove.match.plan.PlanSearchStrategy
                Search.find() #top=6128999 #nest=164678813 tot(m)= 863385 avg(mu)=         5 

Total measured time spent in
            class groove.explore.Exploration: 1240842 ms
           class groove.graph.iso.IsoChecker: 0 ms
               class groove.lts.MatchApplier: 573668 ms
  class groove.match.plan.PlanSearchStrategy: 863385 ms

Time spent collection information: 4377 ms
===============================================================================

Graph count
    Modifiable:         108
    Frozen:             1
    Bytes/state:        31.3

Graph element count
    Factory nodes:      86
    Factory edges:      1169
    Nodes/state (avg):   81.0
    Edges/state (avg):  111.1

Transition count
    Reused:             0
    Confluent:          0
    Events:             632
    Coanchor reuse:     0/0

Isomorphism statistics
    Predicted:          0     (-0)
       False pos 1:        0     ( NaN%)
       False pos 2:        0     ( NaN%)
    Equal graphs:       0
    Equal certificates: 0
    Equal simulation:   0
    Iterations:         []
    Symmetry breaking:  0

Cache statistics
    Created:            5588857
    Cleared:            1521132
    Collected:          993487
    Reconstructed:      489864
    Distribution:       [5098993,489727,125,12]

Time (ms):          1240780
    Matching:       863385    (69.6%)
    Transforming:    79763    ( 6.4%)
    Iso checking:        0    ( 0.0%)
        Certifying:          0    ( NaN%)
        Equals check:        0    ( NaN%)
        Cert check:          0    ( NaN%)
        Sim check:           0    ( NaN%)
    Building GTS:   293317    (23.6%)
    Measuring:        4377    ( 0.4%)
    Initialization:    -62    (-0.0%)

Space (kB):         256061

States:       1030642
Transitions:  5098357


No result states found