Grammar:	n-queens-count
Start graph:	start-4
Exploration:	dfs / none / infinite
Timestamp:	Sun Feb 02 22:10:31 CET 2014


Method call reporting: Sun Feb 02 22:10:31 CET 2014
===================================================

Reporting class groove.explore.Exploration
               playScenario() #top=  1 #nest=   0 tot(m)=422 avg(mu)=422000 

Reporting class groove.graph.iso.IsoChecker
                Equality test #top=  0 #nest=   0 tot(m)=  0 avg(mu)=     0 
  Isomorphism by certificates #top=  0 #nest=   0 tot(m)=  0 avg(mu)=     0 
    Isomorphism by simulation #top=  0 #nest=   0 tot(m)=  0 avg(mu)=     0 
   areIsomorphic(Graph,Graph) #top=  0 #nest=   0 tot(m)=  0 avg(mu)=     0 
        computeCertificates() #top=  0 #nest=   0 tot(m)=  0 avg(mu)=     0 
            getPartitionMap() #top=  0 #nest=   0 tot(m)=  0 avg(mu)=     0 

Reporting class groove.lts.MatchApplier
                     addState #top=220 #nest=   0 tot(m)= 78 avg(mu)=   354 
                addTransition #top=220 #nest=   0 tot(m)= 78 avg(mu)=   354 

Reporting class groove.match.plan.PlanSearchStrategy
                Search.find() #top=343 #nest=6002 tot(m)=218 avg(mu)=    34 

Total measured time spent in
            class groove.explore.Exploration: 422 ms
           class groove.graph.iso.IsoChecker: 0 ms
               class groove.lts.MatchApplier: 156 ms
  class groove.match.plan.PlanSearchStrategy: 218 ms

Time spent collection information: 0 ms
===============================================================================

Graph count
    Modifiable:         108
    Frozen:             1
    Bytes/state:        1090.1

Graph element count
    Factory nodes:      18
    Factory edges:      184
    Nodes/state (avg):   16.0
    Edges/state (avg):   48.3

Transition count
    Reused:             0
    Confluent:          0
    Events:             104
    Coanchor reuse:     0/0

Isomorphism statistics
    Predicted:          0     (-0)
       False pos 1:        0     ( NaN%)
       False pos 2:        0     ( NaN%)
    Equal graphs:       0
    Equal certificates: 0
    Equal simulation:   0
    Iterations:         []
    Symmetry breaking:  0

Cache statistics
    Created:            331
    Cleared:            223
    Collected:          0
    Reconstructed:      0
    Distribution:       [331]

Time (ms):          359
    Matching:          218    (60.7%)
    Transforming:      126    (35.1%)
    Iso checking:        0    ( 0.0%)
        Certifying:          0    ( NaN%)
        Equals check:        0    ( NaN%)
        Cert check:          0    ( NaN%)
        Sim check:           0    ( NaN%)
    Building GTS:       78    (21.7%)
    Measuring:           0    ( 0.0%)
    Initialization:    -63    (-17.5%)

Space (kB):         -247

States:       123
Transitions:  220


No result states found