Grammar:	n-queens-count
Start graph:	start-6
Exploration:	dfs / none / infinite
Timestamp:	Sun Feb 02 22:10:55 CET 2014


Method call reporting: Sun Feb 02 22:10:58 CET 2014
===================================================

Reporting class groove.explore.Exploration
               playScenario() #top=    1 #nest=     0 tot(m)=2777 avg(mu)=2777000 

Reporting class groove.graph.iso.IsoChecker
                Equality test #top=    0 #nest=     0 tot(m)=   0 avg(mu)=      0 
  Isomorphism by certificates #top=    0 #nest=     0 tot(m)=   0 avg(mu)=      0 
    Isomorphism by simulation #top=    0 #nest=     0 tot(m)=   0 avg(mu)=      0 
   areIsomorphic(Graph,Graph) #top=    0 #nest=     0 tot(m)=   0 avg(mu)=      0 
        computeCertificates() #top=    0 #nest=     0 tot(m)=   0 avg(mu)=      0 
            getPartitionMap() #top=    0 #nest=     0 tot(m)=   0 avg(mu)=      0 

Reporting class groove.lts.MatchApplier
                     addState #top= 9676 #nest=     0 tot(m)= 545 avg(mu)=     56 
                addTransition #top= 9676 #nest=     0 tot(m)= 746 avg(mu)=     77 

Reporting class groove.match.plan.PlanSearchStrategy
                Search.find() #top=13007 #nest=322172 tot(m)=1530 avg(mu)=      4 

Total measured time spent in
            class groove.explore.Exploration: 2777 ms
           class groove.graph.iso.IsoChecker: 0 ms
               class groove.lts.MatchApplier: 1291 ms
  class groove.match.plan.PlanSearchStrategy: 1530 ms

Time spent collection information: 32 ms
===============================================================================

Graph count
    Modifiable:         108
    Frozen:             1
    Bytes/state:        40.3

Graph element count
    Factory nodes:      39
    Factory edges:      476
    Nodes/state (avg):   36.0
    Edges/state (avg):   77.0

Transition count
    Reused:             0
    Confluent:          0
    Events:             261
    Coanchor reuse:     0/0

Isomorphism statistics
    Predicted:          0     (-0)
       False pos 1:        0     ( NaN%)
       False pos 2:        0     ( NaN%)
    Equal graphs:       0
    Equal certificates: 0
    Equal simulation:   0
    Iterations:         []
    Symmetry breaking:  0

Cache statistics
    Created:            9943
    Cleared:            3587
    Collected:          0
    Reconstructed:      0
    Distribution:       [9943]

Time (ms):          2715
    Matching:         1530    (56.4%)
    Transforming:      469    (17.3%)
    Iso checking:        0    ( 0.0%)
        Certifying:          0    ( NaN%)
        Equals check:        0    ( NaN%)
        Cert check:          0    ( NaN%)
        Sim check:           0    ( NaN%)
    Building GTS:      746    (27.5%)
    Measuring:          32    ( 1.2%)
    Initialization:    -62    (-2.3%)

Space (kB):         569

States:       3331
Transitions:  9676


No result states found