Grammar:	n-queens-count
Start graph:	start-8
Exploration:	dfs / none / infinite
Timestamp:	Sun Feb 02 22:11:26 CET 2014


Method call reporting: Sun Feb 02 22:13:37 CET 2014
===================================================

Reporting class groove.explore.Exploration
               playScenario() #top=     1 #nest=       0 tot(m)=130787 avg(mu)=130787000 

Reporting class groove.graph.iso.IsoChecker
                Equality test #top=     0 #nest=       0 tot(m)=     0 avg(mu)=        0 
  Isomorphism by certificates #top=     0 #nest=       0 tot(m)=     0 avg(mu)=        0 
    Isomorphism by simulation #top=     0 #nest=       0 tot(m)=     0 avg(mu)=        0 
   areIsomorphic(Graph,Graph) #top=     0 #nest=       0 tot(m)=     0 avg(mu)=        0 
        computeCertificates() #top=     0 #nest=       0 tot(m)=     0 avg(mu)=        0 
            getPartitionMap() #top=     0 #nest=       0 tot(m)=     0 avg(mu)=        0 

Reporting class groove.lts.MatchApplier
                     addState #top=585256 #nest=       0 tot(m)= 27377 avg(mu)=       46 
                addTransition #top=585256 #nest=       0 tot(m)= 29213 avg(mu)=       49 

Reporting class groove.match.plan.PlanSearchStrategy
                Search.find() #top=724601 #nest=20126076 tot(m)= 89817 avg(mu)=        4 

Total measured time spent in
            class groove.explore.Exploration: 130787 ms
           class groove.graph.iso.IsoChecker: 0 ms
               class groove.lts.MatchApplier: 56590 ms
  class groove.match.plan.PlanSearchStrategy: 89817 ms

Time spent collection information: 651 ms
===============================================================================

Graph count
    Modifiable:         108
    Frozen:             1
    Bytes/state:        30.5

Graph element count
    Factory nodes:      68
    Factory edges:      904
    Nodes/state (avg):   64.0
    Edges/state (avg):  101.2

Transition count
    Reused:             0
    Confluent:          0
    Events:             490
    Coanchor reuse:     0/0

Isomorphism statistics
    Predicted:          0     (-0)
       False pos 1:        0     ( NaN%)
       False pos 2:        0     ( NaN%)
    Equal graphs:       0
    Equal certificates: 0
    Equal simulation:   0
    Iterations:         []
    Symmetry breaking:  0

Cache statistics
    Created:            585751
    Cleared:            139829
    Collected:          0
    Reconstructed:      0
    Distribution:       [585751]

Time (ms):          130725
    Matching:        89817    (68.7%)
    Transforming:    11106    ( 8.5%)
    Iso checking:        0    ( 0.0%)
        Certifying:          0    ( NaN%)
        Equals check:        0    ( NaN%)
        Cert check:          0    ( NaN%)
        Sim check:           0    ( NaN%)
    Building GTS:    29213    (22.3%)
    Measuring:         651    ( 0.5%)
    Initialization:    -62    (-0.0%)

Space (kB):         31286

States:       139345
Transitions:  585256


No result states found